Timestamp: 1759146355
Tournament ID: ai-vs-random-tournament-1
Status: TOURNAMENT FINISHED

=== TOURNAMENT SUMMARY ===
=== TOURNAMENT STATISTICS ===
Tournament ID: TournamentId("ai-vs-random-tournament-1")
Players: 3 (Bob, Alice, CharlieAI)
Starting Stack: 100
Starting Blinds: 5/10
Blind Increase Frequency: Every 3 games
Total Games Played: 9
Winner: Bob

=== GAME 0 ===
Game Started - ID: GameId("game-s7awd6")
Small blind: 5
Big blind: 10
Players: 3
- Bob has stack: 100
- Alice has stack: 100
- CharlieAI has stack: 100

Hole Cards:
- Bob: Ad 6h
- Alice: Jd 8h
- CharlieAI: 7s 7d

Community Cards: 3h Js Th Qc 5d

--- Preflop ---
Alice posts small blind of 5 (stack: 95, pot: 5)
CharlieAI posts big blind of 10 (stack: 90, pot: 15)
Bob thinks: "RandomAgent decision"
Bob folds (stack: 100, pot: 15)
Alice thinks: "RandomAgent decision"
Alice calls (stack: 90, pot: 20)
CharlieAI thinks: "With a pair of sevens, I have a reasonably strong hand that can potentially improve on the flop. Since Alice has just called the big blind, I can raise to put pressure on her and build the pot while also protecting my hand. I will raise to the minimum required bet, which is double the big blind."
CharlieAI increases to 20 (stack: 80, pot: 30)
Alice thinks: "RandomAgent decision"
Alice increases to 35.055023 (stack: 64.94498, pot: 55.055023)
CharlieAI thinks: "I have a strong hand (pocket sevens) and I want to put pressure on Alice, who has already shown aggression by raising. A bet of the maximum allowed puts me in a strong position to win the pot."
CharlieAI increases to 50.110046 (stack: 49.889954, pot: 85.16507)
Alice thinks: "RandomAgent decision"
Alice folds (stack: 64.94498, pot: 85.16507)

--- Game Ended ---
CharlieAI wins 85.16507 (stack after: 135.05502)

=== GAME 1 ===
Game Started - ID: GameId("game-owtan7")
Small blind: 5
Big blind: 10
Players: 3
- Bob has stack: 100
- Alice has stack: 64.94498
- CharlieAI has stack: 135.05502

Hole Cards:
- Bob: 8d 9h
- Alice: 3s 2s
- CharlieAI: Td 8h

Community Cards: 7s 4s 7d Qd Js

--- Preflop ---
Alice posts small blind of 5 (stack: 59.944977, pot: 5)
CharlieAI posts big blind of 10 (stack: 125.05502, pot: 15)
Bob thinks: "RandomAgent decision"
Bob increases to 24.602951 (stack: 75.39705, pot: 39.60295)
Alice thinks: "RandomAgent decision"
Alice calls (stack: 40.342026, pot: 59.205902)
CharlieAI thinks: "The hand (Td 8h) is not strong enough to continue after a raise from Bob, especially with two players in the pot already. Following the strategy of playing only strong hands, I will fold."
CharlieAI folds (stack: 125.05502, pot: 59.205902)

--- Flop ---
Flop cards: 7s 4s 7d
Alice thinks: "RandomAgent decision"
Alice calls (stack: 40.342026, pot: 59.205902)
Bob thinks: "RandomAgent decision"
Bob calls (stack: 75.39705, pot: 59.205902)

--- Turn ---
Turn card: Qd
Alice thinks: "RandomAgent decision"
Alice increases to 14.807499 (stack: 25.534527, pot: 74.0134)
Bob thinks: "RandomAgent decision"
Bob folds (stack: 75.39705, pot: 74.0134)

--- Game Ended ---
Alice wins 74.0134 (stack after: 99.54793)

=== GAME 2 ===
Game Started - ID: GameId("game-m2pwvn")
Small blind: 5
Big blind: 10
Players: 3
- Bob has stack: 75.39705
- Alice has stack: 99.54793
- CharlieAI has stack: 125.05502

Hole Cards:
- Bob: 3d 9c
- Alice: 2h 5c
- CharlieAI: 4h 4c

Community Cards: Kd Jd Jc 4s Ah

--- Preflop ---
Alice posts small blind of 5 (stack: 94.54793, pot: 5)
CharlieAI posts big blind of 10 (stack: 115.05502, pot: 15)
Bob thinks: "RandomAgent decision"
Bob folds (stack: 75.39705, pot: 15)
Alice thinks: "RandomAgent decision"
Alice folds (stack: 94.54793, pot: 15)

--- Game Ended ---
CharlieAI wins 15 (stack after: 130.05502)

=== GAME 3 ===
Game Started - ID: GameId("game-nii98w")
Small blind: 10
Big blind: 20
Players: 3
- Bob has stack: 75.39705
- Alice has stack: 94.54793
- CharlieAI has stack: 130.05502

Hole Cards:
- Bob: 2d Ks
- Alice: 2s Qs
- CharlieAI: 5c 8h

Community Cards: 4s 5d As Tc Kc

--- Preflop ---
Alice posts small blind of 10 (stack: 84.54793, pot: 10)
CharlieAI posts big blind of 20 (stack: 110.05502, pot: 30)
Bob thinks: "RandomAgent decision"
Bob increases to 55.75019 (stack: 19.646858, pot: 85.75019)
Alice thinks: "RandomAgent decision"
Alice calls (stack: 38.797737, pot: 131.50038)
CharlieAI thinks: "I have a weak hand (5c 8h) and the action has raised with a substantial bet. Following the strategy to play only strong hands, I will fold."
CharlieAI folds (stack: 110.05502, pot: 131.50038)

--- Flop ---
Flop cards: 4s 5d As
Alice thinks: "RandomAgent decision"
Alice calls (stack: 38.797737, pot: 131.50038)
Bob thinks: "RandomAgent decision"
Bob increases to 19.646858 (stack: 0, pot: 151.14725)
Alice thinks: "RandomAgent decision"
Alice calls (stack: 19.150879, pot: 170.7941)

--- Turn ---
Turn card: Tc
Alice thinks: "RandomAgent decision"
Alice calls (stack: 19.150879, pot: 170.7941)

--- River ---
River card: Kc
Alice thinks: "RandomAgent decision"
Alice increases to 19.150879 (stack: 0, pot: 189.94498)

--- Game Ended ---
Bob wins 170.7941 (stack after: 170.7941)
Alice wins 19.150879 (stack after: 19.150879)

=== GAME 4 ===
Game Started - ID: GameId("game-cars7o")
Small blind: 10
Big blind: 20
Players: 3
- Bob has stack: 170.7941
- Alice has stack: 19.150879
- CharlieAI has stack: 110.05502

Hole Cards:
- Bob: Tc 3d
- Alice: 8c 6s
- CharlieAI: 8d 3c

Community Cards: Jh Qc 4c 6h 2c

--- Preflop ---
Alice posts small blind of 10 (stack: 9.150879, pot: 10)
CharlieAI posts big blind of 20 (stack: 90.05502, pot: 30)
Bob thinks: "RandomAgent decision"
Bob folds (stack: 170.7941, pot: 30)
Alice thinks: "RandomAgent decision"
Alice calls (stack: 0, pot: 39.15088)
CharlieAI thinks: "I have a weak hand (8d 3c) and the strategy indicates to play only strong hands."
CharlieAI tries to folds, but it's invalid action.
CharlieAI increases to 20 [FORCED] (stack: 90.05502, pot: 39.15088)

--- Flop ---
Flop cards: Jh Qc 4c
CharlieAI thinks: "I have a weak hand (8d 3c) with no potential to improve significantly on the flop (Jh Qc 4c). Playing only strong hands means I should not continue in this hand."
CharlieAI tries to folds, but it's invalid action.
CharlieAI increases to 0 [FORCED] (stack: 90.05502, pot: 39.15088)

--- Turn ---
Turn card: 6h
CharlieAI thinks: "The current action is to call Alice's 20, which is the minimum requirement. I don't have a strong hand with my current cards (8d 3c), but since it's a marginal situation and the pot is already relatively large, calling allows me to see the river without committing more chips."
CharlieAI calls (stack: 90.05502, pot: 39.15088)

--- River ---
River card: 2c
CharlieAI thinks: "My hand is weak (8d 3c). I need to follow the strategy of playing only strong hands, and calling at this stage maintains participation without committing more chips with a weak hand."
CharlieAI calls (stack: 90.05502, pot: 39.15088)

--- Game Ended ---
Alice wins 38.301758 (stack after: 38.301758)
CharlieAI wins 0.8491211 (stack after: 90.904144)

=== GAME 5 ===
Game Started - ID: GameId("game-e9h1bu")
Small blind: 10
Big blind: 20
Players: 3
- Bob has stack: 170.7941
- Alice has stack: 38.301758
- CharlieAI has stack: 90.904144

Hole Cards:
- Bob: 2s 5s
- Alice: 3s Qc
- CharlieAI: Kc 6s

Community Cards: 2c 5h 3d 8d 7s

--- Preflop ---
Alice posts small blind of 10 (stack: 28.301758, pot: 10)
CharlieAI posts big blind of 20 (stack: 70.904144, pot: 30)
Bob thinks: "RandomAgent decision"
Bob increases to 65.68928 (stack: 105.10482, pot: 95.68928)
Alice thinks: "RandomAgent decision"
Alice folds (stack: 28.301758, pot: 95.68928)
CharlieAI thinks: "I'm holding Kc 6s, which is not a strong hand. Bob's raise to 65.68928 indicates he likely has a better hand, and with only 70.904144 left in my stack, it’s not worth risking my chips."
CharlieAI folds (stack: 70.904144, pot: 95.68928)

--- Game Ended ---
Bob wins 95.68928 (stack after: 200.7941)

=== GAME 6 ===
Game Started - ID: GameId("game-z0dvwh")
Small blind: 20
Big blind: 40
Players: 3
- Bob has stack: 200.7941
- Alice has stack: 28.301758
- CharlieAI has stack: 70.904144

Hole Cards:
- Bob: Qs Ks
- Alice: 5c 3s
- CharlieAI: Qd Kd

Community Cards: 7h 9c Jh 8h 6h

--- Preflop ---
Alice posts small blind of 20 (stack: 8.301758, pot: 20)
CharlieAI posts big blind of 40 (stack: 30.904144, pot: 60)
Bob thinks: "RandomAgent decision"
Bob folds (stack: 200.7941, pot: 60)
Alice thinks: "RandomAgent decision"
Alice folds (stack: 8.301758, pot: 60)

--- Game Ended ---
CharlieAI wins 60 (stack after: 90.904144)

=== GAME 7 ===
Game Started - ID: GameId("game-zytvzm")
Small blind: 20
Big blind: 40
Players: 3
- Bob has stack: 200.7941
- Alice has stack: 8.301758
- CharlieAI has stack: 90.904144

Hole Cards:
- Bob: 7c Qh
- Alice: Td 9d
- CharlieAI: 9c Th

Community Cards: Jc 7d 9s 5s 3d

--- Preflop ---
Alice posts small blind of 20 (stack: 0, pot: 8.301758)
CharlieAI posts big blind of 40 (stack: 50.904144, pot: 48.301758)
Bob thinks: "RandomAgent decision"
Bob calls (stack: 160.7941, pot: 88.30176)
CharlieAI thinks: "With a hand of 9c Th, it's not a strong enough hand to justify going all-in, but it has potential for a straight. Betting 80 keeps me in the game while also increasing the pot."
CharlieAI increases to 80 (stack: 10.904144, pot: 128.30176)
Bob thinks: "RandomAgent decision"
Bob increases to 124.45789 (stack: 76.336205, pot: 212.75964)
CharlieAI thinks: "The hand 9c Th is not a strong enough hand to continue with given the significant raise by Bob. My current stack is low and I need to conserve chips."
CharlieAI folds (stack: 10.904144, pot: 212.75964)

--- Flop ---
Flop cards: Jc 7d 9s
Bob thinks: "RandomAgent decision"
Bob calls (stack: 76.336205, pot: 212.75964)

--- Turn ---
Turn card: 5s
Bob thinks: "RandomAgent decision"
Bob increases to 70.8276 (stack: 5.508606, pot: 283.58725)

--- River ---
River card: 3d
Bob thinks: "RandomAgent decision"
Bob increases to 5.508606 (stack: 0, pot: 289.09586)

--- Game Ended ---
Alice wins 96.603516 (stack after: 96.603516)
Bob wins 192.49234 (stack after: 192.49234)

=== GAME 8 ===
Game Started - ID: GameId("game-2isg9q")
Small blind: 20
Big blind: 40
Players: 3
- Bob has stack: 192.49234
- Alice has stack: 96.603516
- CharlieAI has stack: 10.904144

Hole Cards:
- Bob: 7s Ts
- Alice: 8d 9h
- CharlieAI: Qd 5d

Community Cards: 7d Th 7h 7c 2d

--- Preflop ---
Alice posts small blind of 20 (stack: 76.603516, pot: 20)
CharlieAI posts big blind of 40 (stack: 0, pot: 30.904144)
Bob thinks: "RandomAgent decision"
Bob calls (stack: 172.49234, pot: 50.904144)
Alice thinks: "RandomAgent decision"
Alice calls (stack: 76.603516, pot: 50.904144)

--- Flop ---
Flop cards: 7d Th 7h
Alice thinks: "RandomAgent decision"
Alice increases to 48.64985 (stack: 27.953667, pot: 99.55399)
Bob thinks: "RandomAgent decision"
Bob calls (stack: 123.84249, pot: 148.20384)

--- Turn ---
Turn card: 7c
Alice thinks: "RandomAgent decision"
Alice increases to 27.953667 (stack: 0, pot: 176.1575)
Bob thinks: "RandomAgent decision"
Bob calls (stack: 95.888824, pot: 204.11118)

--- River ---
River card: 2d
Bob thinks: "RandomAgent decision"
Bob calls (stack: 95.888824, pot: 204.11118)

--- Game Ended ---
Bob wins 204.11118 (stack after: 300)

=== TOURNAMENT COMPLETED ===
Winner: Bob
Tournament ID: TournamentId("ai-vs-random-tournament-1")
Games played: 9

