Timestamp: 1759146351
Tournament ID: ai-vs-random-tournament-1
Game ID: game-e9h1bu
Status: GAME FINISHED

=== GAME SUMMARY ===
Game Started - ID: GameId("game-e9h1bu")
Small blind: 10
Big blind: 20
Players: 3
- Bob has stack: 170.7941
- Alice has stack: 38.301758
- CharlieAI has stack: 90.904144

Hole Cards:
- Bob: 2s 5s
- Alice: 3s Qc
- CharlieAI: Kc 6s

Community Cards: 2c 5h 3d 8d 7s

--- Preflop ---
Alice posts small blind of 10 (stack: 28.301758, pot: 10)
CharlieAI posts big blind of 20 (stack: 70.904144, pot: 30)
Bob thinks: "RandomAgent decision"
Bob increases to 65.68928 (stack: 105.10482, pot: 95.68928)
Alice thinks: "RandomAgent decision"
Alice folds (stack: 28.301758, pot: 95.68928)
CharlieAI thinks: "I'm holding Kc 6s, which is not a strong hand. Bob's raise to 65.68928 indicates he likely has a better hand, and with only 70.904144 left in my stack, it’s not worth risking my chips."
CharlieAI folds (stack: 70.904144, pot: 95.68928)

--- Game Ended ---
Bob wins 95.68928 (stack after: 200.7941)


